<?xml version="1.0" ?>
<coverage branch-rate="0" line-rate="0.8" timestamp="1447502021884" version="4.0.2">
	<!-- Generated by coverage.py: https://coverage.readthedocs.org -->
	<!-- Based on https://raw.githubusercontent.com/cobertura/web/f0366e5e2cf18f111cbd61fc34ef720a6584ba02/htdocs/xml/coverage-03.dtd -->
	<sources>
		<source>c:\users\andrew\pycharmprojects\andrew's repo\lab3\</source>
	</sources>
	<packages>
		<package branch-rate="0" complexity="0" line-rate="0.8" name=".">
			<classes>
				<class branch-rate="0" complexity="0" filename="Experiment.py" line-rate="0.8" name="Experiment.py">
					<methods/>
					<lines>
						<line hits="1" number="1"/>
						<line hits="1" number="3"/>
						<line hits="1" number="4"/>
						<line hits="0" number="5"/>
						<line hits="1" number="7"/>
						<line hits="1" number="8"/>
						<line hits="1" number="9"/>
						<line hits="1" number="10"/>
						<line hits="1" number="11"/>
						<line hits="0" number="12"/>
					</lines>
				</class>
			</classes>
		</package>
	</packages>
</coverage>
